# JRE version: OpenJDK Runtime Environment (11.0.13) (build 11.0.13+0-b1751.21-8125866)
# Java VM: OpenJDK 64-Bit Server VM (11.0.13+0-b1751.21-8125866, mixed mode, tiered, compressed oops, g1 gc, windows-amd64)
Heap:
 garbage-first heap   total 315392K, used 50473K [0x0000000701c00000, 0x0000000800000000)
  region size 1024K, 16 young (16384K), 16 survivors (16384K)
 Metaspace       used 59496K, capacity 60196K, committed 60316K, reserved 1101824K
  class space    used 6838K, capacity 7159K, committed 7244K, reserved 1048576K
GC Heap History (11 events):
Event: 0.870 GC heap before
{Heap before GC invocations=0 (full 0):
 garbage-first heap   total 262144K, used 28672K [0x0000000701c00000, 0x0000000800000000)
  region size 1024K, 24 young (24576K), 0 survivors (0K)
 Metaspace       used 12281K, capacity 12449K, committed 12672K, reserved 1060864K
  class space    used 1098K, capacity 1146K, committed 1152K, reserved 1048576K
}
Event: 0.874 GC heap after
{Heap after GC invocations=1 (full 0):
 garbage-first heap   total 262144K, used 7336K [0x0000000701c00000, 0x0000000800000000)
  region size 1024K, 3 young (3072K), 3 survivors (3072K)
 Metaspace       used 12281K, capacity 12449K, committed 12672K, reserved 1060864K
  class space    used 1098K, capacity 1146K, committed 1152K, reserved 1048576K
}
Event: 1.835 GC heap before
{Heap before GC invocations=1 (full 0):
 garbage-first heap   total 262144K, used 44200K [0x0000000701c00000, 0x0000000800000000)
  region size 1024K, 40 young (40960K), 3 survivors (3072K)
 Metaspace       used 20870K, capacity 21087K, committed 21296K, reserved 1069056K
  class space    used 2202K, capacity 2310K, committed 2432K, reserved 1048576K
}
Event: 1.844 GC heap after
{Heap after GC invocations=2 (full 0):
 garbage-first heap   total 262144K, used 11228K [0x0000000701c00000, 0x0000000800000000)
  region size 1024K, 7 young (7168K), 7 survivors (7168K)
 Metaspace       used 20870K, capacity 21087K, committed 21296K, reserved 1069056K
  class space    used 2202K, capacity 2310K, committed 2432K, reserved 1048576K
}
Event: 3.192 GC heap before
{Heap before GC invocations=3 (full 0):
 garbage-first heap   total 262144K, used 65500K [0x0000000701c00000, 0x0000000800000000)
  region size 1024K, 56 young (57344K), 7 survivors (7168K)
 Metaspace       used 32387K, capacity 32860K, committed 33200K, reserved 1079296K
  class space    used 3846K, capacity 4037K, committed 4096K, reserved 1048576K
}
Event: 3.207 GC heap after
{Heap after GC invocations=4 (full 0):
 garbage-first heap   total 262144K, used 21218K [0x0000000701c00000, 0x0000000800000000)
  region size 1024K, 6 young (6144K), 6 survivors (6144K)
 Metaspace       used 32387K, capacity 32860K, committed 33200K, reserved 1079296K
  class space    used 3846K, capacity 4037K, committed 4096K, reserved 1048576K
}
Event: 3.612 GC heap before
{Heap before GC invocations=4 (full 0):
 garbage-first heap   total 262144K, used 47842K [0x0000000701c00000, 0x0000000800000000)
  region size 1024K, 31 young (31744K), 6 survivors (6144K)
 Metaspace       used 35364K, capacity 35782K, committed 35920K, reserved 1081344K
  class space    used 4386K, capacity 4583K, committed 4608K, reserved 1048576K
}
Event: 3.622 GC heap after
{Heap after GC invocations=5 (full 0):
 garbage-first heap   total 262144K, used 28949K [0x0000000701c00000, 0x0000000800000000)
  region size 1024K, 6 young (6144K), 6 survivors (6144K)
 Metaspace       used 35364K, capacity 35782K, committed 35920K, reserved 1081344K
  class space    used 4386K, capacity 4583K, committed 4608K, reserved 1048576K
}
Event: 5.710 GC heap before
{Heap before GC invocations=6 (full 0):
 garbage-first heap   total 262144K, used 107797K [0x0000000701c00000, 0x0000000800000000)
  region size 1024K, 81 young (82944K), 6 survivors (6144K)
 Metaspace       used 49733K, capacity 50320K, committed 50588K, reserved 1093632K
  class space    used 5848K, capacity 6095K, committed 6220K, reserved 1048576K
}
Event: 5.726 GC heap after
{Heap after GC invocations=7 (full 0):
 garbage-first heap   total 262144K, used 36832K [0x0000000701c00000, 0x0000000800000000)
  region size 1024K, 11 young (11264K), 11 survivors (11264K)
 Metaspace       used 49733K, capacity 50320K, committed 50588K, reserved 1093632K
  class space    used 5848K, capacity 6095K, committed 6220K, reserved 1048576K
}
Event: 8.839 GC heap before
{Heap before GC invocations=7 (full 0):
 garbage-first heap   total 262144K, used 142304K [0x0000000701c00000, 0x0000000800000000)
  region size 1024K, 114 young (116736K), 11 survivors (11264K)
 Metaspace       used 59496K, capacity 60196K, committed 60316K, reserved 1101824K
  class space    used 6838K, capacity 7159K, committed 7244K, reserved 1048576K
}

